<?xml version="1.0" encoding="UTF-8"?>
<!-- Generated by org.testng.reporters.JUnitReportReporter -->
<testsuite hostname="NB205" failures="0" tests="1" name="tests.probaTest" time="5.207" errors="0" timestamp="2021-06-08T09:16:35 CEST" skipped="0">
  <testcase classname="tests.probaTest" name="test" time="5.207"/>
  <system-out/>
</testsuite> <!-- tests.probaTest -->
